Using pre-set license
Built from '2022.3/release' branch; Version is '2022.3.61f1 (6c53ebaf375d) revision 7099371'; Using compiler version '192829333'; Build Type 'Release'
OS: 'Windows 11  (10.0.26100) 64bit CoreSingleLanguage' Language: 'en' Physical Memory: 7957 MB
BatchMode: 1, IsHumanControllingUs: 0, StartBugReporterOnCrash: 0, Is64bit: 1, IsPro: 1

COMMAND LINE ARGUMENTS:
E:\unity\2022.3.61f1\Editor\Unity.exe
-adb2
-batchMode
-noUpm
-name
AssetImportWorker4
-projectPath
C:/Users/Admin/Desktop/ChemistryARProject
-logFile
Logs/AssetImportWorker4.log
-srvPort
52307
Successfully changed project path to: C:/Users/Admin/Desktop/ChemistryARProject
C:/Users/Admin/Desktop/ChemistryARProject
[UnityMemory] Configuration Parameters - Can be set up in boot.config
    "memorysetup-bucket-allocator-granularity=16"
    "memorysetup-bucket-allocator-bucket-count=8"
    "memorysetup-bucket-allocator-block-size=33554432"
    "memorysetup-bucket-allocator-block-count=8"
    "memorysetup-main-allocator-block-size=16777216"
    "memorysetup-thread-allocator-block-size=16777216"
    "memorysetup-gfx-main-allocator-block-size=16777216"
    "memorysetup-gfx-thread-allocator-block-size=16777216"
    "memorysetup-cache-allocator-block-size=4194304"
    "memorysetup-typetree-allocator-block-size=2097152"
    "memorysetup-profiler-bucket-allocator-granularity=16"
    "memorysetup-profiler-bucket-allocator-bucket-count=8"
    "memorysetup-profiler-bucket-allocator-block-size=33554432"
    "memorysetup-profiler-bucket-allocator-block-count=8"
    "memorysetup-profiler-allocator-block-size=16777216"
    "memorysetup-profiler-editor-allocator-block-size=1048576"
    "memorysetup-temp-allocator-size-main=16777216"
    "memorysetup-job-temp-allocator-block-size=2097152"
    "memorysetup-job-temp-allocator-block-size-background=1048576"
    "memorysetup-job-temp-allocator-reduction-small-platforms=262144"
    "memorysetup-allocator-temp-initial-block-size-main=262144"
    "memorysetup-allocator-temp-initial-block-size-worker=262144"
    "memorysetup-temp-allocator-size-background-worker=32768"
    "memorysetup-temp-allocator-size-job-worker=262144"
    "memorysetup-temp-allocator-size-preload-manager=33554432"
    "memorysetup-temp-allocator-size-nav-mesh-worker=65536"
    "memorysetup-temp-allocator-size-audio-worker=65536"
    "memorysetup-temp-allocator-size-cloud-worker=32768"
    "memorysetup-temp-allocator-size-gi-baking-worker=262144"
    "memorysetup-temp-allocator-size-gfx=262144"
Player connection [14480]  Target information:

Player connection [14480]  * "[IP] 192.168.56.1 [Port] 0 [Flags] 2 [Guid] 1981471041 [EditorId] 1981471041 [Version] 1048832 [Id] WindowsEditor(7,LAPTOP-08LS6DVK) [Debug] 1 [PackageName] WindowsEditor [ProjectName] Editor" 

Player connection [14480]  * "[IP] 26.170.102.168 [Port] 0 [Flags] 2 [Guid] 1981471041 [EditorId] 1981471041 [Version] 1048832 [Id] WindowsEditor(7,LAPTOP-08LS6DVK) [Debug] 1 [PackageName] WindowsEditor [ProjectName] Editor" 

Player connection [14480]  * "[IP] 192.168.0.101 [Port] 0 [Flags] 2 [Guid] 1981471041 [EditorId] 1981471041 [Version] 1048832 [Id] WindowsEditor(7,LAPTOP-08LS6DVK) [Debug] 1 [PackageName] WindowsEditor [ProjectName] Editor" 

Player connection [14480] Host joined multi-casting on [225.0.0.222:54997]...
Player connection [14480] Host joined alternative multi-casting on [225.0.0.222:34997]...
Input System module state changed to: Initialized.
[PhysX] Initialized MultithreadedTaskDispatcher with 8 workers.
Refreshing native plugins compatible for Editor in 9.47 ms, found 4 plugins.
Preloading 0 native plugins for Editor in 0.00 ms.
Initialize engine version: 2022.3.61f1 (6c53ebaf375d)
[Subsystems] Discovering subsystems at path E:/unity/2022.3.61f1/Editor/Data/Resources/UnitySubsystems
[Subsystems] Discovering subsystems at path C:/Users/Admin/Desktop/ChemistryARProject/Assets
GfxDevice: creating device client; threaded=0; jobified=0
Direct3D:
    Version:  Direct3D 11.0 [level 11.1]
    Renderer: Intel(R) Iris(R) Xe Graphics (ID=0x9a49)
    Vendor:   Intel
    VRAM:     3978 MB
    Driver:   31.0.101.4502
Initialize mono
Mono path[0] = 'E:/unity/2022.3.61f1/Editor/Data/Managed'
Mono path[1] = 'E:/unity/2022.3.61f1/Editor/Data/MonoBleedingEdge/lib/mono/unityjit-win32'
Mono config path = 'E:/unity/2022.3.61f1/Editor/Data/MonoBleedingEdge/etc'
Using monoOptions --debugger-agent=transport=dt_socket,embedding=1,server=y,suspend=n,address=127.0.0.1:56680
Begin MonoManager ReloadAssembly
Registering precompiled unity dll's ...
Register platform support module: E:/unity/2022.3.61f1/Editor/Data/PlaybackEngines/WindowsStandaloneSupport/UnityEditor.WindowsStandalone.Extensions.dll
Registered in 0.002137 seconds.
- Loaded All Assemblies, in  0.279 seconds
Native extension for WindowsStandalone target not found
Mono: successfully reloaded assembly
- Finished resetting the current domain, in  0.283 seconds
Domain Reload Profiling: 562ms
	BeginReloadAssembly (85ms)
		ExecutionOrderSort (0ms)
		DisableScriptedObjects (0ms)
		BackupInstance (0ms)
		ReleaseScriptingObjects (0ms)
		CreateAndSetChildDomain (1ms)
	RebuildCommonClasses (29ms)
	RebuildNativeTypeToScriptingClass (9ms)
	initialDomainReloadingComplete (40ms)
	LoadAllAssembliesAndSetupDomain (116ms)
		LoadAssemblies (84ms)
		RebuildTransferFunctionScriptingTraits (0ms)
		AnalyzeDomain (115ms)
			TypeCache.Refresh (113ms)
				TypeCache.ScanAssembly (102ms)
			ScanForSourceGeneratedMonoScriptInfo (0ms)
			ResolveRequiredComponents (0ms)
	FinalizeReload (283ms)
		ReleaseScriptCaches (0ms)
		RebuildScriptCaches (0ms)
		SetupLoadedEditorAssemblies (241ms)
			LogAssemblyErrors (0ms)
			InitializePlatformSupportModulesInManaged (7ms)
			SetLoadedEditorAssemblies (8ms)
			RefreshPlugins (0ms)
			BeforeProcessingInitializeOnLoad (2ms)
			ProcessInitializeOnLoadAttributes (182ms)
			ProcessInitializeOnLoadMethodAttributes (41ms)
			AfterProcessingInitializeOnLoad (0ms)
			EditorAssembliesLoaded (0ms)
		ExecutionOrderSort2 (0ms)
		AwakeInstancesAfterBackupRestoration (0ms)
========================================================================
Worker process is ready to serve import requests
Caller must complete domain reload
Begin MonoManager ReloadAssembly
- Loaded All Assemblies, in  0.631 seconds
Native extension for WindowsStandalone target not found
Package Manager log level set to [2]
[Package Manager] Server::EnsureServerProcessIsRunning -- launch failed, reason: Unity was launched with the -noUpm command-line argument
[Package Manager] UpmClient::Send -- Unable to send message (not connected to UPM process).
[Package Manager] Cannot connect to Unity Package Manager local server
Mono: successfully reloaded assembly
[Package Manager] Server::EnsureServerProcessIsRunning -- launch failed, reason: Unity was launched with the -noUpm command-line argument
[Package Manager] UpmClient::Send -- Unable to send message (not connected to UPM process).
[Package Manager] Cannot connect to Unity Package Manager local server
[Package Manager] Server::EnsureServerProcessIsRunning -- launch failed, reason: Unity was launched with the -noUpm command-line argument
[Package Manager] UpmClient::Send -- Unable to send message (not connected to UPM process).
[Package Manager] Cannot connect to Unity Package Manager local server
- Finished resetting the current domain, in  0.573 seconds
Domain Reload Profiling: 1203ms
	BeginReloadAssembly (143ms)
		ExecutionOrderSort (0ms)
		DisableScriptedObjects (5ms)
		BackupInstance (0ms)
		ReleaseScriptingObjects (0ms)
		CreateAndSetChildDomain (19ms)
	RebuildCommonClasses (30ms)
	RebuildNativeTypeToScriptingClass (12ms)
	initialDomainReloadingComplete (35ms)
	LoadAllAssembliesAndSetupDomain (410ms)
		LoadAssemblies (284ms)
		RebuildTransferFunctionScriptingTraits (0ms)
		AnalyzeDomain (211ms)
			TypeCache.Refresh (174ms)
				TypeCache.ScanAssembly (157ms)
			ScanForSourceGeneratedMonoScriptInfo (23ms)
			ResolveRequiredComponents (12ms)
	FinalizeReload (573ms)
		ReleaseScriptCaches (0ms)
		RebuildScriptCaches (0ms)
		SetupLoadedEditorAssemblies (435ms)
			LogAssemblyErrors (0ms)
			InitializePlatformSupportModulesInManaged (4ms)
			SetLoadedEditorAssemblies (5ms)
			RefreshPlugins (0ms)
			BeforeProcessingInitializeOnLoad (68ms)
			ProcessInitializeOnLoadAttributes (333ms)
			ProcessInitializeOnLoadMethodAttributes (23ms)
			AfterProcessingInitializeOnLoad (2ms)
			EditorAssembliesLoaded (0ms)
		ExecutionOrderSort2 (0ms)
		AwakeInstancesAfterBackupRestoration (5ms)
Launched and connected shader compiler UnityShaderCompiler.exe after 0.04 seconds
Refreshing native plugins compatible for Editor in 4.45 ms, found 4 plugins.
Preloading 0 native plugins for Editor in 0.00 ms.
Unloading 4555 Unused Serialized files (Serialized files now loaded: 0)
Unloading 32 unused Assets / (1.4 MB). Loaded Objects now: 5025.
Memory consumption went from 155.4 MB to 153.9 MB.
Total: 4.487400 ms (FindLiveObjects: 0.339600 ms CreateObjectMapping: 0.210700 ms MarkObjects: 3.315200 ms  DeleteObjects: 0.621000 ms)

AssetImportParameters requested are different than current active one (requested -> active):
  custom:container-demuxer-ogg: 62fdf1f143b41e24485cea50d1cbac27 -> 
  custom:video-codec-MediaFoundation-h265: 746d11721c4dcdbdad8f713fa42b33f4 -> 
  custom:video-decoder-ogg-theora: a1e56fd34408186e4bbccfd4996cb3dc -> 
  custom:framework-win-MediaFoundation: 216162199b28c13a410421893ffa2e32 -> 
  custom:CustomObjectIndexerAttribute: 9a22284fe3817be447336de3de66b15e -> 
  custom:container-demuxer-webm: 4f35f7cbe854078d1ac9338744f61a02 -> 
  custom:container-muxer-webm: aa71ff27fc2769a1b78a27578f13a17b -> 
  custom:video-decoder-webm-vp8: 9c59270c3fd7afecdb556c50c9e8de78 -> 
  custom:SearchIndexIgnoredProperties: e643bd26f0fe6173181afceb89e7c659 -> 
  custom:AudioImporter_EditorPlatform: d09bf68614088b80899f8185d706f6e7 -> 
  custom:video-encoder-webm-vp8: eb34c28f22e8b96e1ab97ce403110664 -> 
  custom:audio-decoder-ogg-vorbis: bf7c407c2cedff20999df2af8eb42d56 -> 
  custom:audio-encoder-webm-vorbis: bf7c407c2cedff20999df2af8eb42d56 -> 
========================================================================
Received Import Request.
  Time since last request: 24240.237647 seconds.
  path: Assets/App/Prefabs/Elements/oxygen 1.prefab
  artifactKey: Guid(b20f0783879cd4c429f45eeb91850b6a) Importer(815301076,1909f56bfc062723c751e8b465ee728b)
Start importing Assets/App/Prefabs/Elements/oxygen 1.prefab using Guid(b20f0783879cd4c429f45eeb91850b6a) Importer(815301076,1909f56bfc062723c751e8b465ee728b) [PhysX] Initialized MultithreadedTaskDispatcher with 8 workers.
[PhysX] Initialized MultithreadedTaskDispatcher with 8 workers.
 -> (artifact id: 'e62e4212aa55076a48d31c87236acfb4') in 0.117862 seconds
Number of updated asset objects reloaded before import = 0
Number of asset objects unloaded after import = 134
========================================================================
Received Import Request.
  Time since last request: 7.414572 seconds.
  path: Assets/App/Prefabs/Elements/neon.prefab
  artifactKey: Guid(b20f0783879cd4c429f45eeb91850b6a) Importer(815301076,1909f56bfc062723c751e8b465ee728b)
Start importing Assets/App/Prefabs/Elements/neon.prefab using Guid(b20f0783879cd4c429f45eeb91850b6a) Importer(815301076,1909f56bfc062723c751e8b465ee728b) [PhysX] Initialized MultithreadedTaskDispatcher with 8 workers.
[PhysX] Initialized MultithreadedTaskDispatcher with 8 workers.
 -> (artifact id: '1bacba248b67e742050fc3a099ca1809') in 0.015492 seconds
Number of updated asset objects reloaded before import = 0
Number of asset objects unloaded after import = 134
========================================================================
Received Import Request.
  Time since last request: 91.412276 seconds.
  path: Assets/App/Prefabs/Elements/neon.prefab
  artifactKey: Guid(b20f0783879cd4c429f45eeb91850b6a) Importer(815301076,1909f56bfc062723c751e8b465ee728b)
Start importing Assets/App/Prefabs/Elements/neon.prefab using Guid(b20f0783879cd4c429f45eeb91850b6a) Importer(815301076,1909f56bfc062723c751e8b465ee728b) [PhysX] Initialized MultithreadedTaskDispatcher with 8 workers.
[PhysX] Initialized MultithreadedTaskDispatcher with 8 workers.
 -> (artifact id: 'e4e9f1f8a758e4de697f56105843d95c') in 0.023915 seconds
Number of updated asset objects reloaded before import = 0
Number of asset objects unloaded after import = 142
========================================================================
Received Import Request.
  Time since last request: 0.565914 seconds.
  path: Assets/App/Prefabs/Elements/neon.prefab
  artifactKey: Guid(b20f0783879cd4c429f45eeb91850b6a) Importer(815301076,1909f56bfc062723c751e8b465ee728b)
Start importing Assets/App/Prefabs/Elements/neon.prefab using Guid(b20f0783879cd4c429f45eeb91850b6a) Importer(815301076,1909f56bfc062723c751e8b465ee728b) [PhysX] Initialized MultithreadedTaskDispatcher with 8 workers.
[PhysX] Initialized MultithreadedTaskDispatcher with 8 workers.
 -> (artifact id: '9c408bbc8d85be24ceb30af7608ef71c') in 0.022278 seconds
Number of updated asset objects reloaded before import = 0
Number of asset objects unloaded after import = 150
========================================================================
Received Import Request.
  Time since last request: 6.474886 seconds.
  path: Assets/App/Prefabs/Elements/neon.prefab
  artifactKey: Guid(b20f0783879cd4c429f45eeb91850b6a) Importer(815301076,1909f56bfc062723c751e8b465ee728b)
Start importing Assets/App/Prefabs/Elements/neon.prefab using Guid(b20f0783879cd4c429f45eeb91850b6a) Importer(815301076,1909f56bfc062723c751e8b465ee728b) [PhysX] Initialized MultithreadedTaskDispatcher with 8 workers.
[PhysX] Initialized MultithreadedTaskDispatcher with 8 workers.
 -> (artifact id: '2d148d63d2b52449dffeae83690563f5') in 0.013553 seconds
Number of updated asset objects reloaded before import = 0
Number of asset objects unloaded after import = 150
========================================================================
Received Import Request.
  Time since last request: 8.457999 seconds.
  path: Assets/App/Prefabs/Elements/neon.prefab
  artifactKey: Guid(b20f0783879cd4c429f45eeb91850b6a) Importer(815301076,1909f56bfc062723c751e8b465ee728b)
Start importing Assets/App/Prefabs/Elements/neon.prefab using Guid(b20f0783879cd4c429f45eeb91850b6a) Importer(815301076,1909f56bfc062723c751e8b465ee728b) [PhysX] Initialized MultithreadedTaskDispatcher with 8 workers.
[PhysX] Initialized MultithreadedTaskDispatcher with 8 workers.
 -> (artifact id: '5a81d161897e1e114e99d1447fc94ab4') in 0.013351 seconds
Number of updated asset objects reloaded before import = 0
Number of asset objects unloaded after import = 150
========================================================================
Received Import Request.
  Time since last request: 59.826921 seconds.
  path: Assets/App/Prefabs/Elements/neon.prefab
  artifactKey: Guid(b20f0783879cd4c429f45eeb91850b6a) Importer(815301076,1909f56bfc062723c751e8b465ee728b)
Start importing Assets/App/Prefabs/Elements/neon.prefab using Guid(b20f0783879cd4c429f45eeb91850b6a) Importer(815301076,1909f56bfc062723c751e8b465ee728b) [PhysX] Initialized MultithreadedTaskDispatcher with 8 workers.
[PhysX] Initialized MultithreadedTaskDispatcher with 8 workers.
 -> (artifact id: 'c7056280730fd73bfbbab8a54dd902fa') in 0.024584 seconds
Number of updated asset objects reloaded before import = 0
Number of asset objects unloaded after import = 150
========================================================================
Received Import Request.
  Time since last request: 24.652994 seconds.
  path: Assets/App/Prefabs/Elements/neon.prefab
  artifactKey: Guid(b20f0783879cd4c429f45eeb91850b6a) Importer(815301076,1909f56bfc062723c751e8b465ee728b)
Start importing Assets/App/Prefabs/Elements/neon.prefab using Guid(b20f0783879cd4c429f45eeb91850b6a) Importer(815301076,1909f56bfc062723c751e8b465ee728b) [PhysX] Initialized MultithreadedTaskDispatcher with 8 workers.
[PhysX] Initialized MultithreadedTaskDispatcher with 8 workers.
 -> (artifact id: '11862f8e9e8d7d0bdad9395ede48b81e') in 0.020286 seconds
Number of updated asset objects reloaded before import = 0
Number of asset objects unloaded after import = 150
========================================================================
Received Import Request.
  Time since last request: 23.613058 seconds.
  path: Assets/App/Prefabs/Elements/neon.prefab
  artifactKey: Guid(b20f0783879cd4c429f45eeb91850b6a) Importer(815301076,1909f56bfc062723c751e8b465ee728b)
Start importing Assets/App/Prefabs/Elements/neon.prefab using Guid(b20f0783879cd4c429f45eeb91850b6a) Importer(815301076,1909f56bfc062723c751e8b465ee728b) [PhysX] Initialized MultithreadedTaskDispatcher with 8 workers.
[PhysX] Initialized MultithreadedTaskDispatcher with 8 workers.
 -> (artifact id: 'cf6ec06cecd288995b6df3d05a4a3648') in 0.023510 seconds
Number of updated asset objects reloaded before import = 0
Number of asset objects unloaded after import = 150
========================================================================
Received Import Request.
  Time since last request: 9.080777 seconds.
  path: Assets/App/Prefabs/Elements/neon.prefab
  artifactKey: Guid(b20f0783879cd4c429f45eeb91850b6a) Importer(815301076,1909f56bfc062723c751e8b465ee728b)
Start importing Assets/App/Prefabs/Elements/neon.prefab using Guid(b20f0783879cd4c429f45eeb91850b6a) Importer(815301076,1909f56bfc062723c751e8b465ee728b) [PhysX] Initialized MultithreadedTaskDispatcher with 8 workers.
[PhysX] Initialized MultithreadedTaskDispatcher with 8 workers.
 -> (artifact id: 'bb8b9128d69277c1c6be88808daab87e') in 0.021561 seconds
Number of updated asset objects reloaded before import = 0
Number of asset objects unloaded after import = 150
========================================================================
Received Import Request.
  Time since last request: 18.607169 seconds.
  path: Assets/App/Prefabs/Elements/neon.prefab
  artifactKey: Guid(b20f0783879cd4c429f45eeb91850b6a) Importer(815301076,1909f56bfc062723c751e8b465ee728b)
Start importing Assets/App/Prefabs/Elements/neon.prefab using Guid(b20f0783879cd4c429f45eeb91850b6a) Importer(815301076,1909f56bfc062723c751e8b465ee728b) [PhysX] Initialized MultithreadedTaskDispatcher with 8 workers.
[PhysX] Initialized MultithreadedTaskDispatcher with 8 workers.
 -> (artifact id: '189047fec670db0819d952f99df530bd') in 0.021128 seconds
Number of updated asset objects reloaded before import = 0
Number of asset objects unloaded after import = 150
========================================================================
Received Import Request.
  Time since last request: 32.127932 seconds.
  path: Assets/App/Prefabs/Elements/neon.prefab
  artifactKey: Guid(b20f0783879cd4c429f45eeb91850b6a) Importer(815301076,1909f56bfc062723c751e8b465ee728b)
Start importing Assets/App/Prefabs/Elements/neon.prefab using Guid(b20f0783879cd4c429f45eeb91850b6a) Importer(815301076,1909f56bfc062723c751e8b465ee728b) [PhysX] Initialized MultithreadedTaskDispatcher with 8 workers.
[PhysX] Initialized MultithreadedTaskDispatcher with 8 workers.
 -> (artifact id: '55ff074b3106a55f33c6b154f65d18cd') in 0.022360 seconds
Number of updated asset objects reloaded before import = 0
Number of asset objects unloaded after import = 150
========================================================================
Received Import Request.
  Time since last request: 8.882865 seconds.
  path: Assets/App/Prefabs/Elements/neon.prefab
  artifactKey: Guid(b20f0783879cd4c429f45eeb91850b6a) Importer(815301076,1909f56bfc062723c751e8b465ee728b)
Start importing Assets/App/Prefabs/Elements/neon.prefab using Guid(b20f0783879cd4c429f45eeb91850b6a) Importer(815301076,1909f56bfc062723c751e8b465ee728b) [PhysX] Initialized MultithreadedTaskDispatcher with 8 workers.
[PhysX] Initialized MultithreadedTaskDispatcher with 8 workers.
 -> (artifact id: '33beebd189aa09acaff497d6f3f1653d') in 0.019794 seconds
Number of updated asset objects reloaded before import = 0
Number of asset objects unloaded after import = 150
========================================================================
Received Import Request.
  Time since last request: 7.706897 seconds.
  path: Assets/App/Prefabs/Elements/neon.prefab
  artifactKey: Guid(b20f0783879cd4c429f45eeb91850b6a) Importer(815301076,1909f56bfc062723c751e8b465ee728b)
Start importing Assets/App/Prefabs/Elements/neon.prefab using Guid(b20f0783879cd4c429f45eeb91850b6a) Importer(815301076,1909f56bfc062723c751e8b465ee728b) [PhysX] Initialized MultithreadedTaskDispatcher with 8 workers.
[PhysX] Initialized MultithreadedTaskDispatcher with 8 workers.
 -> (artifact id: '7608a8079dcef45d4729179f167d3560') in 0.023494 seconds
Number of updated asset objects reloaded before import = 0
Number of asset objects unloaded after import = 150
========================================================================
Received Import Request.
  Time since last request: 3.031906 seconds.
  path: Assets/App/Prefabs/Elements/neon.prefab
  artifactKey: Guid(b20f0783879cd4c429f45eeb91850b6a) Importer(815301076,1909f56bfc062723c751e8b465ee728b)
Start importing Assets/App/Prefabs/Elements/neon.prefab using Guid(b20f0783879cd4c429f45eeb91850b6a) Importer(815301076,1909f56bfc062723c751e8b465ee728b) [PhysX] Initialized MultithreadedTaskDispatcher with 8 workers.
[PhysX] Initialized MultithreadedTaskDispatcher with 8 workers.
 -> (artifact id: 'b2fdc487440874c3733e58f6c3d4366e') in 0.023582 seconds
Number of updated asset objects reloaded before import = 0
Number of asset objects unloaded after import = 150
========================================================================
Received Import Request.
  Time since last request: 2.198503 seconds.
  path: Assets/App/Prefabs/Elements/neon.prefab
  artifactKey: Guid(b20f0783879cd4c429f45eeb91850b6a) Importer(815301076,1909f56bfc062723c751e8b465ee728b)
Start importing Assets/App/Prefabs/Elements/neon.prefab using Guid(b20f0783879cd4c429f45eeb91850b6a) Importer(815301076,1909f56bfc062723c751e8b465ee728b) [PhysX] Initialized MultithreadedTaskDispatcher with 8 workers.
[PhysX] Initialized MultithreadedTaskDispatcher with 8 workers.
 -> (artifact id: '248bf08f93257324a1921b300104117d') in 0.012762 seconds
Number of updated asset objects reloaded before import = 0
Number of asset objects unloaded after import = 150
========================================================================
Received Import Request.
  Time since last request: 16.765426 seconds.
  path: Assets/App/Prefabs/Elements/neon.prefab
  artifactKey: Guid(b20f0783879cd4c429f45eeb91850b6a) Importer(815301076,1909f56bfc062723c751e8b465ee728b)
Start importing Assets/App/Prefabs/Elements/neon.prefab using Guid(b20f0783879cd4c429f45eeb91850b6a) Importer(815301076,1909f56bfc062723c751e8b465ee728b) [PhysX] Initialized MultithreadedTaskDispatcher with 8 workers.
[PhysX] Initialized MultithreadedTaskDispatcher with 8 workers.
 -> (artifact id: 'b845ea2d54227377b7ae955ab3e3fd69') in 0.012360 seconds
Number of updated asset objects reloaded before import = 0
Number of asset objects unloaded after import = 150
========================================================================
Received Import Request.
  Time since last request: 10.485810 seconds.
  path: Assets/App/Prefabs/Elements/neon.prefab
  artifactKey: Guid(b20f0783879cd4c429f45eeb91850b6a) Importer(815301076,1909f56bfc062723c751e8b465ee728b)
Start importing Assets/App/Prefabs/Elements/neon.prefab using Guid(b20f0783879cd4c429f45eeb91850b6a) Importer(815301076,1909f56bfc062723c751e8b465ee728b) [PhysX] Initialized MultithreadedTaskDispatcher with 8 workers.
[PhysX] Initialized MultithreadedTaskDispatcher with 8 workers.
 -> (artifact id: 'b3abd8aa527c96e0ecc6a369dbd497eb') in 0.021684 seconds
Number of updated asset objects reloaded before import = 0
Number of asset objects unloaded after import = 150
========================================================================
Received Import Request.
  Time since last request: 5.658435 seconds.
  path: Assets/App/Prefabs/Elements/neon.prefab
  artifactKey: Guid(b20f0783879cd4c429f45eeb91850b6a) Importer(815301076,1909f56bfc062723c751e8b465ee728b)
Start importing Assets/App/Prefabs/Elements/neon.prefab using Guid(b20f0783879cd4c429f45eeb91850b6a) Importer(815301076,1909f56bfc062723c751e8b465ee728b) [PhysX] Initialized MultithreadedTaskDispatcher with 8 workers.
[PhysX] Initialized MultithreadedTaskDispatcher with 8 workers.
 -> (artifact id: '6a656911d58e18f7f7dfd6b14905c8ce') in 0.014730 seconds
Number of updated asset objects reloaded before import = 0
Number of asset objects unloaded after import = 150
========================================================================
Received Import Request.
  Time since last request: 21.447744 seconds.
  path: Assets/App/Prefabs/Elements/helium.prefab
  artifactKey: Guid(3d6e347731ebe4dd9bc8438edd1f9605) Importer(815301076,1909f56bfc062723c751e8b465ee728b)
Start importing Assets/App/Prefabs/Elements/helium.prefab using Guid(3d6e347731ebe4dd9bc8438edd1f9605) Importer(815301076,1909f56bfc062723c751e8b465ee728b) [PhysX] Initialized MultithreadedTaskDispatcher with 8 workers.
[PhysX] Initialized MultithreadedTaskDispatcher with 8 workers.
 -> (artifact id: 'cb71892ee9ae4e62ab5c218f10f3ac2a') in 0.040109 seconds
Number of updated asset objects reloaded before import = 0
Number of asset objects unloaded after import = 38
========================================================================
Received Import Request.
  Time since last request: 0.072666 seconds.
  path: Assets/App/Prefabs/Elements/fluorine.prefab
  artifactKey: Guid(a149f334b5295d741adc6d38d6995eac) Importer(815301076,1909f56bfc062723c751e8b465ee728b)
Start importing Assets/App/Prefabs/Elements/fluorine.prefab using Guid(a149f334b5295d741adc6d38d6995eac) Importer(815301076,1909f56bfc062723c751e8b465ee728b) [PhysX] Initialized MultithreadedTaskDispatcher with 8 workers.
[PhysX] Initialized MultithreadedTaskDispatcher with 8 workers.
 -> (artifact id: '6b2702a2bf20d716ecdf0ccc56c97344') in 0.023782 seconds
Number of updated asset objects reloaded before import = 0
Number of asset objects unloaded after import = 98
========================================================================
Received Import Request.
  Time since last request: 1.352950 seconds.
  path: Assets/App/Prefabs/Elements/chlorine.prefab
  artifactKey: Guid(1cfc4573373e5437a9f6ec16ffff5b73) Importer(815301076,1909f56bfc062723c751e8b465ee728b)
Start importing Assets/App/Prefabs/Elements/chlorine.prefab using Guid(1cfc4573373e5437a9f6ec16ffff5b73) Importer(815301076,1909f56bfc062723c751e8b465ee728b) [PhysX] Initialized MultithreadedTaskDispatcher with 8 workers.
[PhysX] Initialized MultithreadedTaskDispatcher with 8 workers.
 -> (artifact id: 'e014db0bf23996d772afe93491f11e80') in 0.025188 seconds
Number of updated asset objects reloaded before import = 0
Number of asset objects unloaded after import = 166
========================================================================
Received Import Request.
  Time since last request: 0.087407 seconds.
  path: Assets/App/Prefabs/Elements/carbon.prefab
  artifactKey: Guid(fe2f693b570770f4bbe522e1bcb6554c) Importer(815301076,1909f56bfc062723c751e8b465ee728b)
Start importing Assets/App/Prefabs/Elements/carbon.prefab using Guid(fe2f693b570770f4bbe522e1bcb6554c) Importer(815301076,1909f56bfc062723c751e8b465ee728b) [PhysX] Initialized MultithreadedTaskDispatcher with 8 workers.
[PhysX] Initialized MultithreadedTaskDispatcher with 8 workers.
 -> (artifact id: '9c863ecd6b93be7dcec4f369e8447c36') in 0.022658 seconds
Number of updated asset objects reloaded before import = 0
Number of asset objects unloaded after import = 74
========================================================================
Received Import Request.
  Time since last request: 2.486746 seconds.
  path: Assets/App/Materials/Elements/neon.mat
  artifactKey: Guid(cdcf4e4a04989dd4c8097bfaf2f8feb1) Importer(815301076,1909f56bfc062723c751e8b465ee728b)
Start importing Assets/App/Materials/Elements/neon.mat using Guid(cdcf4e4a04989dd4c8097bfaf2f8feb1) Importer(815301076,1909f56bfc062723c751e8b465ee728b) [PhysX] Initialized MultithreadedTaskDispatcher with 8 workers.
[PhysX] Initialized MultithreadedTaskDispatcher with 8 workers.
 -> (artifact id: 'b410f3abff734c71a452d61b3e0d8033') in 0.042515 seconds
Number of updated asset objects reloaded before import = 0
Number of asset objects unloaded after import = 1
========================================================================
Received Import Request.
  Time since last request: 18.914055 seconds.
  path: Assets/App/Prefabs/Elements/neon.prefab
  artifactKey: Guid(b20f0783879cd4c429f45eeb91850b6a) Importer(815301076,1909f56bfc062723c751e8b465ee728b)
Start importing Assets/App/Prefabs/Elements/neon.prefab using Guid(b20f0783879cd4c429f45eeb91850b6a) Importer(815301076,1909f56bfc062723c751e8b465ee728b) [PhysX] Initialized MultithreadedTaskDispatcher with 8 workers.
[PhysX] Initialized MultithreadedTaskDispatcher with 8 workers.
 -> (artifact id: 'ca07e1c8d42b8f944754c1f308a150e5') in 0.026507 seconds
Number of updated asset objects reloaded before import = 0
Number of asset objects unloaded after import = 151
========================================================================
Received Import Request.
  Time since last request: 5.079642 seconds.
  path: Assets/App/Prefabs/Elements/sodium 1.prefab
  artifactKey: Guid(16789e09e53cc1e4e8f00c57fee3d61a) Importer(815301076,1909f56bfc062723c751e8b465ee728b)
Start importing Assets/App/Prefabs/Elements/sodium 1.prefab using Guid(16789e09e53cc1e4e8f00c57fee3d61a) Importer(815301076,1909f56bfc062723c751e8b465ee728b) [PhysX] Initialized MultithreadedTaskDispatcher with 8 workers.
[PhysX] Initialized MultithreadedTaskDispatcher with 8 workers.
 -> (artifact id: 'e7563213770a51bc3c3f1c1b13580477') in 0.011145 seconds
Number of updated asset objects reloaded before import = 0
Number of asset objects unloaded after import = 118
========================================================================
Received Import Request.
  Time since last request: 11.743298 seconds.
  path: Assets/App/Prefabs/Elements/potassium.prefab
  artifactKey: Guid(16789e09e53cc1e4e8f00c57fee3d61a) Importer(815301076,1909f56bfc062723c751e8b465ee728b)
Start importing Assets/App/Prefabs/Elements/potassium.prefab using Guid(16789e09e53cc1e4e8f00c57fee3d61a) Importer(815301076,1909f56bfc062723c751e8b465ee728b) [PhysX] Initialized MultithreadedTaskDispatcher with 8 workers.
[PhysX] Initialized MultithreadedTaskDispatcher with 8 workers.
 -> (artifact id: '04d49c404dbb87c0ef27bacb3663211c') in 0.012061 seconds
Number of updated asset objects reloaded before import = 0
Number of asset objects unloaded after import = 118
========================================================================
Received Import Request.
  Time since last request: 11.937470 seconds.
  path: Assets/App/Art/Elements/013-Aluminum.png
  artifactKey: Guid(916faf74535fe4eaf81772bf4c50e361) Importer(815301076,1909f56bfc062723c751e8b465ee728b)
Start importing Assets/App/Art/Elements/013-Aluminum.png using Guid(916faf74535fe4eaf81772bf4c50e361) Importer(815301076,1909f56bfc062723c751e8b465ee728b) [PhysX] Initialized MultithreadedTaskDispatcher with 8 workers.
[PhysX] Initialized MultithreadedTaskDispatcher with 8 workers.
 -> (artifact id: 'f9ef83ed5c489883a7154337619838bb') in 0.032396 seconds
Number of updated asset objects reloaded before import = 0
Number of asset objects unloaded after import = 2
========================================================================
Received Import Request.
  Time since last request: 2.621527 seconds.
  path: Assets/App/Art/Style/button.png
  artifactKey: Guid(bb72f5ca984e00d44aff91ecb54c2487) Importer(815301076,1909f56bfc062723c751e8b465ee728b)
Start importing Assets/App/Art/Style/button.png using Guid(bb72f5ca984e00d44aff91ecb54c2487) Importer(815301076,1909f56bfc062723c751e8b465ee728b) [PhysX] Initialized MultithreadedTaskDispatcher with 8 workers.
[PhysX] Initialized MultithreadedTaskDispatcher with 8 workers.
 -> (artifact id: 'f5b72b7ad6283bb5a8cb2cab968d3c37') in 0.038148 seconds
Number of updated asset objects reloaded before import = 0
Number of asset objects unloaded after import = 3
========================================================================
Received Import Request.
  Time since last request: 5.797818 seconds.
  path: Assets/App/Materials/Elements/sodium 1.mat
  artifactKey: Guid(d07c123859f078a49bbda586ef4be145) Importer(815301076,1909f56bfc062723c751e8b465ee728b)
Start importing Assets/App/Materials/Elements/sodium 1.mat using Guid(d07c123859f078a49bbda586ef4be145) Importer(815301076,1909f56bfc062723c751e8b465ee728b) [PhysX] Initialized MultithreadedTaskDispatcher with 8 workers.
[PhysX] Initialized MultithreadedTaskDispatcher with 8 workers.
 -> (artifact id: '4e56847a95e79dd4da7633bae026ab07') in 0.016575 seconds
Number of updated asset objects reloaded before import = 0
Number of asset objects unloaded after import = 1
========================================================================
Received Import Request.
  Time since last request: 7.656491 seconds.
  path: Assets/App/Materials/Elements/potassium.mat
  artifactKey: Guid(d07c123859f078a49bbda586ef4be145) Importer(815301076,1909f56bfc062723c751e8b465ee728b)
Start importing Assets/App/Materials/Elements/potassium.mat using Guid(d07c123859f078a49bbda586ef4be145) Importer(815301076,1909f56bfc062723c751e8b465ee728b) [PhysX] Initialized MultithreadedTaskDispatcher with 8 workers.
[PhysX] Initialized MultithreadedTaskDispatcher with 8 workers.
 -> (artifact id: '516546b66ac8274fc3bf79a8eea47e5d') in 0.018356 seconds
Number of updated asset objects reloaded before import = 0
Number of asset objects unloaded after import = 1
========================================================================
Received Import Request.
  Time since last request: 227.261258 seconds.
  path: Assets/App/Prefabs/Elements/potassium.prefab
  artifactKey: Guid(16789e09e53cc1e4e8f00c57fee3d61a) Importer(815301076,1909f56bfc062723c751e8b465ee728b)
Start importing Assets/App/Prefabs/Elements/potassium.prefab using Guid(16789e09e53cc1e4e8f00c57fee3d61a) Importer(815301076,1909f56bfc062723c751e8b465ee728b) [PhysX] Initialized MultithreadedTaskDispatcher with 8 workers.
[PhysX] Initialized MultithreadedTaskDispatcher with 8 workers.
 -> (artifact id: 'f1ed7400e37a09edef0dc7af9fbf7ce6') in 0.032245 seconds
Number of updated asset objects reloaded before import = 0
Number of asset objects unloaded after import = 126
========================================================================
Received Import Request.
  Time since last request: 9.919007 seconds.
  path: Assets/App/XR/ReferenceImageLibrary.asset
  artifactKey: Guid(21cf831e6eb7f614b899e8385efbbfa5) Importer(815301076,1909f56bfc062723c751e8b465ee728b)
Start importing Assets/App/XR/ReferenceImageLibrary.asset using Guid(21cf831e6eb7f614b899e8385efbbfa5) Importer(815301076,1909f56bfc062723c751e8b465ee728b) [PhysX] Initialized MultithreadedTaskDispatcher with 8 workers.
 -> (artifact id: 'ff1f5d5044eb2a48a210d72fc351b33d') in 0.065060 seconds
Number of updated asset objects reloaded before import = 0
Number of asset objects unloaded after import = 13
========================================================================
Received Import Request.
  Time since last request: 237.622730 seconds.
  path: Assets/App/Prefabs/Elements/potassium.prefab
  artifactKey: Guid(16789e09e53cc1e4e8f00c57fee3d61a) Importer(815301076,1909f56bfc062723c751e8b465ee728b)
Start importing Assets/App/Prefabs/Elements/potassium.prefab using Guid(16789e09e53cc1e4e8f00c57fee3d61a) Importer(815301076,1909f56bfc062723c751e8b465ee728b) [PhysX] Initialized MultithreadedTaskDispatcher with 8 workers.
[PhysX] Initialized MultithreadedTaskDispatcher with 8 workers.
 -> (artifact id: '5ffa27b98cabde799837afc29f89a95f') in 0.130738 seconds
Number of updated asset objects reloaded before import = 0
Number of asset objects unloaded after import = 126
